

*******************************************************************************
Sat Feb 25 13:03:58 2017


FIT:    data read from "Caida.dat" using 1:2
        format = x:z
        #datapoints = 7
        residuals are weighted equally (unit weight)

function used for fitting: f(x)
	f(x)=a+b*x+c*x**2
fitted parameters initialized with current variable values

iter      chisq       delta/lim  lambda   a             b             c            
   0 4.3278569693e+03  0.00e+00 4.44e+01  7.680000e+01 -1.730000e+01  4.900000e+00
   7 8.8646821234e-02 -5.95e-10 4.44e-06  7.675864e+01  1.747143e+01 -6.290199e+02

After 7 iterations the fit converged.
final sum of squares of residuals : 0.0886468
rel. change during last iteration : -5.94895e-015

degrees of freedom    (FIT_NDF)                        : 4
rms of residuals      (FIT_STDFIT) = sqrt(WSSR/ndf)    : 0.148868
variance of residuals (reduced chisquare) = WSSR/ndf   : 0.0221617

Final set of parameters            Asymptotic Standard Error
=======================            ==========================
a               = 76.7586          +/- 0.1298       (0.1692%)
b               = 17.4714          +/- 1.946        (11.14%)
c               = -629.02          +/- 5.974        (0.9498%)

correlation matrix of the fit parameters:
                a      b      c      
a               1.000 
b              -0.780  1.000 
c               0.625 -0.961  1.000 


*******************************************************************************
Sat Feb 25 13:05:15 2017


FIT:    data read from "Caida.dat" using 1:2
        format = x:z
        #datapoints = 7
        residuals are weighted equally (unit weight)

function used for fitting: f(x)
	f(x)=a+b*x+c*x**2
fitted parameters initialized with current variable values

iter      chisq       delta/lim  lambda   a             b             c            
   0 4.3278569693e+03  0.00e+00 4.44e+01  7.680000e+01 -1.730000e+01  4.900000e+00
   7 8.8646821234e-02 -5.95e-10 4.44e-06  7.675864e+01  1.747143e+01 -6.290199e+02

After 7 iterations the fit converged.
final sum of squares of residuals : 0.0886468
rel. change during last iteration : -5.94895e-015

degrees of freedom    (FIT_NDF)                        : 4
rms of residuals      (FIT_STDFIT) = sqrt(WSSR/ndf)    : 0.148868
variance of residuals (reduced chisquare) = WSSR/ndf   : 0.0221617

Final set of parameters            Asymptotic Standard Error
=======================            ==========================
a               = 76.7586          +/- 0.1298       (0.1692%)
b               = 17.4714          +/- 1.946        (11.14%)
c               = -629.02          +/- 5.974        (0.9498%)

correlation matrix of the fit parameters:
                a      b      c      
a               1.000 
b              -0.780  1.000 
c               0.625 -0.961  1.000 


*******************************************************************************
Sat Feb 25 13:07:45 2017


FIT:    data read from "Caida.dat" using 1:2
        format = x:z
        #datapoints = 7
        residuals are weighted equally (unit weight)

function used for fitting: f(x)
	f(x)=a+b*x+c*x**2
fitted parameters initialized with current variable values

iter      chisq       delta/lim  lambda   a             b             c            
   0 4.3278569693e+03  0.00e+00 4.44e+01  7.680000e+01 -1.730000e+01  4.900000e+00
   7 8.8646821234e-02 -5.95e-10 4.44e-06  7.675864e+01  1.747143e+01 -6.290199e+02

After 7 iterations the fit converged.
final sum of squares of residuals : 0.0886468
rel. change during last iteration : -5.94895e-015

degrees of freedom    (FIT_NDF)                        : 4
rms of residuals      (FIT_STDFIT) = sqrt(WSSR/ndf)    : 0.148868
variance of residuals (reduced chisquare) = WSSR/ndf   : 0.0221617

Final set of parameters            Asymptotic Standard Error
=======================            ==========================
a               = 76.7586          +/- 0.1298       (0.1692%)
b               = 17.4714          +/- 1.946        (11.14%)
c               = -629.02          +/- 5.974        (0.9498%)

correlation matrix of the fit parameters:
                a      b      c      
a               1.000 
b              -0.780  1.000 
c               0.625 -0.961  1.000 


*******************************************************************************
Sat Feb 25 13:10:00 2017


FIT:    data read from "Caida.dat" using 1:2
        format = x:z
        #datapoints = 7
        residuals are weighted equally (unit weight)

function used for fitting: f(x)
	f(x)=a+b*x+c*x**2
fitted parameters initialized with current variable values

iter      chisq       delta/lim  lambda   a             b             c            
   0 1.9514322532e+01  0.00e+00 4.65e+01  7.680000e+01 -1.730000e+01 -4.900000e+02
   5 8.8646821234e-02 -1.32e-01 4.65e-04  7.675864e+01  1.747143e+01 -6.290199e+02

After 5 iterations the fit converged.
final sum of squares of residuals : 0.0886468
rel. change during last iteration : -1.31554e-006

degrees of freedom    (FIT_NDF)                        : 4
rms of residuals      (FIT_STDFIT) = sqrt(WSSR/ndf)    : 0.148868
variance of residuals (reduced chisquare) = WSSR/ndf   : 0.0221617

Final set of parameters            Asymptotic Standard Error
=======================            ==========================
a               = 76.7586          +/- 0.1298       (0.1692%)
b               = 17.4714          +/- 1.946        (11.14%)
c               = -629.02          +/- 5.974        (0.9498%)

correlation matrix of the fit parameters:
                a      b      c      
a               1.000 
b              -0.780  1.000 
c               0.625 -0.961  1.000 


*******************************************************************************
Sat Feb 25 13:19:58 2017


FIT:    data read from "Temperatura.dat" using 1:2
        format = x:z
        #datapoints = 8
        residuals are weighted equally (unit weight)

function used for fitting: f(x)
	f(x)=a*x+b
fitted parameters initialized with current variable values

iter      chisq       delta/lim  lambda   a             b            
   0 0.0000000000e+00  nan       5.77e+01 -1.000000e+01  7.000000e+01
   1 0.0000000000e+00  nan       5.77e+00 -1.000000e+01  7.000000e+01

After 1 iterations the fit converged.
final sum of squares of residuals : 0
abs. change during last iteration : 0


Hmmmm.... Sum of squared residuals is zero. Can't compute errors.

Final set of parameters 
======================= 

a               = -10            
b               = 70             
